{
  "RSpec": {
    "coverage": {
      "/home/organized-waterfall-b525/tic-tac-toe-rb-online-web-sp-000/lib/tic_tac_toe.rb": [
        null,
        1,
        null,
        null,
        null,
        null,
        null,
        null,
        null,
        null,
        1,
        6,
        6,
        6,
        6,
        6,
        null,
        null,
        1,
        null,
        1,
        null,
        1,
        12,
        null,
        null,
        1,
        3,
        null,
        null,
        1,
        114,
        67,
        null,
        47,
        null,
        null,
        null,
        1,
        12,
        9,
        null,
        3,
        null,
        null,
        null,
        1,
        2,
        2,
        18,
        5,
        null,
        null,
        2,
        null,
        null,
        1,
        1,
        null,
        null,
        1,
        9,
        9,
        9,
        9,
        8,
        0,
        null,
        1,
        null,
        null,
        null,
        1,
        63,
        296,
        296,
        296,
        null,
        296,
        296,
        296,
        null,
        296,
        44,
        null,
        null,
        19,
        null,
        null,
        1,
        104,
        10,
        null,
        8,
        null,
        null,
        null,
        1,
        17,
        7,
        10,
        4,
        6,
        6,
        null,
        null,
        null,
        1,
        11,
        8,
        null,
        3,
        null,
        null,
        null,
        1,
        10,
        9,
        null,
        null,
        null,
        1,
        12,
        6,
        null,
        6,
        4,
        4,
        2,
        2,
        null,
        null
      ]
    },
    "timestamp": 1619029377
  }
}
