{
  "RSpec": {
    "coverage": {
      "/home/organized-waterfall-b525/tic-tac-toe-rb-online-web-sp-000/lib/tic_tac_toe.rb": [
        null,
        1,
        null,
        null,
        null,
        null,
        null,
        null,
        null,
        null,
        1,
        24,
        24,
        24,
        24,
        24,
        null,
        null,
        1,
        null,
        1,
        null,
        1,
        22,
        null,
        null,
        1,
        21,
        null,
        null,
        1,
        232,
        176,
        null,
        56,
        null,
        null,
        null,
        1,
        22,
        19,
        null,
        3,
        null,
        null,
        null,
        1,
        20,
        20,
        180,
        31,
        null,
        null,
        20,
        null,
        null,
        1,
        19,
        null,
        null,
        1,
        19,
        19,
        19,
        19,
        18,
        18,
        null,
        1,
        null,
        null,
        null,
        1,
        104,
        624,
        624,
        624,
        null,
        624,
        624,
        624,
        null,
        624,
        53,
        null,
        null,
        51,
        null,
        null,
        1,
        236,
        37,
        null,
        8,
        null,
        null,
        null,
        1,
        28,
        7,
        21,
        14,
        7,
        7,
        null,
        null,
        null,
        1,
        20,
        10,
        null,
        10,
        null,
        null,
        null,
        1,
        12,
        11,
        null,
        null,
        null,
        1,
        12,
        16,
        null,
        12,
        5,
        5,
        7,
        3,
        null,
        null
      ]
    },
    "timestamp": 1619029576
  }
}
